build/app/intermediates/manifest_merge_blame_file/debug/processDebugMainManifest/manifest-merger-blame-debug-report.txt
1<?xml version="1.0" encoding="utf-8"?>
2<manifest xmlns:android="http://schemas.android.com/apk/res/android"
3    package="com.example.manzal_office"
4    android:versionCode="1"
5    android:versionName="1.0.0" >
6
7    <uses-sdk
8        android:minSdkVersion="21"
9        android:targetSdkVersion="35" />
10    <!--
11         The INTERNET permission is required for development. Specifically,
12         the Flutter tool needs it to communicate with the running application
13         to allow setting breakpoints, to provide hot reload, etc.
14    -->
15    <uses-permission android:name="android.permission.INTERNET" />
15-->src\debug\AndroidManifest.xml:6:5-66
15-->src\debug\AndroidManifest.xml:6:22-64
16    <!--
17     Required to query activities that can process text, see:
18         https://developer.android.com/training/package-visibility and
19         https://developer.android.com/reference/android/content/Intent#ACTION_PROCESS_TEXT.
20
21         In particular, this is used by the Flutter engine in io.flutter.plugin.text.ProcessTextPlugin.
22    -->
23    <queries>
23-->src\main\AndroidManifest.xml:39:5-44:15
24        <intent>
24-->src\main\AndroidManifest.xml:40:9-43:18
25            <action android:name="android.intent.action.PROCESS_TEXT" />
25-->src\main\AndroidManifest.xml:41:13-72
25-->src\main\AndroidManifest.xml:41:21-70
26
27            <data android:mimeType="text/plain" />
27-->src\main\AndroidManifest.xml:42:13-50
27-->src\main\AndroidManifest.xml:42:19-48
28        </intent>
29        <!-- Added to check the default browser that will host the AuthFlow. -->
30        <intent>
30-->[com.stripe:financial-connections:21.6.0] AndroidManifest.xml:13:9-17:18
31            <action android:name="android.intent.action.VIEW" />
31-->[com.stripe:financial-connections:21.6.0] AndroidManifest.xml:14:13-65
31-->[com.stripe:financial-connections:21.6.0] AndroidManifest.xml:14:21-62
32
33            <data android:scheme="http" />
33-->src\main\AndroidManifest.xml:42:13-50
34        </intent> <!-- Added to check if Chrome is installed for browser-based payment authentication (e.g. 3DS1). -->
35        <package android:name="com.android.chrome" /> <!-- Needs to be explicitly declared on Android R+ -->
35-->[com.stripe:payments-core:21.6.0] AndroidManifest.xml:11:9-54
35-->[com.stripe:payments-core:21.6.0] AndroidManifest.xml:11:18-51
36        <package android:name="com.google.android.apps.maps" />
36-->[com.google.android.gms:play-services-maps:18.0.2] AndroidManifest.xml:33:9-64
36-->[com.google.android.gms:play-services-maps:18.0.2] AndroidManifest.xml:33:18-61
37    </queries>
38
39    <uses-permission android:name="android.permission.VIBRATE" />
39-->[:flutter_local_notifications] AndroidManifest.xml:7:5-66
39-->[:flutter_local_notifications] AndroidManifest.xml:7:22-63
40    <uses-permission android:name="android.permission.POST_NOTIFICATIONS" />
40-->[:flutter_local_notifications] AndroidManifest.xml:8:5-77
40-->[:flutter_local_notifications] AndroidManifest.xml:8:22-74
41    <uses-permission android:name="android.permission.WAKE_LOCK" />
41-->[:firebase_messaging] AndroidManifest.xml:8:5-68
41-->[:firebase_messaging] AndroidManifest.xml:8:22-65
42    <uses-permission android:name="android.permission.ACCESS_NETWORK_STATE" /> <!-- Required by older versions of Google Play services to create IID tokens -->
42-->[:firebase_messaging] AndroidManifest.xml:9:5-79
42-->[:firebase_messaging] AndroidManifest.xml:9:22-76
43    <uses-permission android:name="com.google.android.c2dm.permission.RECEIVE" />
43-->[com.google.firebase:firebase-iid:21.1.0] AndroidManifest.xml:26:5-82
43-->[com.google.firebase:firebase-iid:21.1.0] AndroidManifest.xml:26:22-79
44
45    <uses-feature
45-->[com.google.android.gms:play-services-maps:18.0.2] AndroidManifest.xml:26:5-28:35
46        android:glEsVersion="0x00020000"
46-->[com.google.android.gms:play-services-maps:18.0.2] AndroidManifest.xml:27:9-41
47        android:required="true" />
47-->[com.google.android.gms:play-services-maps:18.0.2] AndroidManifest.xml:28:9-32
48
49    <permission
49-->[androidx.core:core:1.13.1] AndroidManifest.xml:22:5-24:47
50        android:name="com.example.manzal_office.DYNAMIC_RECEIVER_NOT_EXPORTED_PERMISSION"
50-->[androidx.core:core:1.13.1] AndroidManifest.xml:23:9-81
51        android:protectionLevel="signature" />
51-->[androidx.core:core:1.13.1] AndroidManifest.xml:24:9-44
52
53    <uses-permission android:name="com.example.manzal_office.DYNAMIC_RECEIVER_NOT_EXPORTED_PERMISSION" />
53-->[androidx.core:core:1.13.1] AndroidManifest.xml:26:5-97
53-->[androidx.core:core:1.13.1] AndroidManifest.xml:26:22-94
54
55    <application
56        android:name="android.app.Application"
57        android:appComponentFactory="androidx.core.app.CoreComponentFactory"
57-->[androidx.core:core:1.13.1] AndroidManifest.xml:28:18-86
58        android:debuggable="true"
59        android:extractNativeLibs="true"
60        android:icon="@mipmap/ic_launcher"
61        android:label="AqarGo_Captin" >
62        <activity
63            android:name="com.example.manzal_office.MainActivity"
64            android:configChanges="orientation|keyboardHidden|keyboard|screenSize|smallestScreenSize|locale|layoutDirection|fontScale|screenLayout|density|uiMode"
65            android:exported="true"
66            android:hardwareAccelerated="true"
67            android:launchMode="singleTop"
68            android:taskAffinity=""
69            android:theme="@style/LaunchTheme"
70            android:windowSoftInputMode="adjustResize" >
71
72            <!--
73                 Specifies an Android theme to apply to this Activity as soon as
74                 the Android process has started. This theme is visible to the user
75                 while the Flutter UI initializes. After that, this theme continues
76                 to determine the Window background behind the Flutter UI.
77            -->
78            <meta-data
79                android:name="io.flutter.embedding.android.NormalTheme"
80                android:resource="@style/NormalTheme" />
81
82            <intent-filter>
83                <action android:name="android.intent.action.MAIN" />
84
85                <category android:name="android.intent.category.LAUNCHER" />
86            </intent-filter>
87        </activity>
88        <!--
89             Don't delete the meta-data below.
90             This is used by the Flutter tool to generate GeneratedPluginRegistrant.java
91        -->
92        <meta-data
93            android:name="flutterEmbedding"
94            android:value="2" />
95
96        <provider
96-->[:image_picker_android] AndroidManifest.xml:9:9-17:20
97            android:name="io.flutter.plugins.imagepicker.ImagePickerFileProvider"
97-->[:image_picker_android] AndroidManifest.xml:10:13-82
98            android:authorities="com.example.manzal_office.flutter.image_provider"
98-->[:image_picker_android] AndroidManifest.xml:11:13-74
99            android:exported="false"
99-->[:image_picker_android] AndroidManifest.xml:12:13-37
100            android:grantUriPermissions="true" >
100-->[:image_picker_android] AndroidManifest.xml:13:13-47
101            <meta-data
101-->[:image_picker_android] AndroidManifest.xml:14:13-16:75
102                android:name="android.support.FILE_PROVIDER_PATHS"
102-->[:image_picker_android] AndroidManifest.xml:15:17-67
103                android:resource="@xml/flutter_image_picker_file_paths" />
103-->[:image_picker_android] AndroidManifest.xml:16:17-72
104        </provider> <!-- Trigger Google Play services to install the backported photo picker module. -->
105        <service
105-->[:image_picker_android] AndroidManifest.xml:19:9-31:19
106            android:name="com.google.android.gms.metadata.ModuleDependencies"
106-->[:image_picker_android] AndroidManifest.xml:20:13-78
107            android:enabled="false"
107-->[:image_picker_android] AndroidManifest.xml:21:13-36
108            android:exported="false" >
108-->[:image_picker_android] AndroidManifest.xml:22:13-37
109            <intent-filter>
109-->[:image_picker_android] AndroidManifest.xml:24:13-26:29
110                <action android:name="com.google.android.gms.metadata.MODULE_DEPENDENCIES" />
110-->[:image_picker_android] AndroidManifest.xml:25:17-94
110-->[:image_picker_android] AndroidManifest.xml:25:25-91
111            </intent-filter>
112
113            <meta-data
113-->[:image_picker_android] AndroidManifest.xml:28:13-30:36
114                android:name="photopicker_activity:0:required"
114-->[:image_picker_android] AndroidManifest.xml:29:17-63
115                android:value="" />
115-->[:image_picker_android] AndroidManifest.xml:30:17-33
116        </service>
117
118        <activity
118-->[:url_launcher_android] AndroidManifest.xml:8:9-11:74
119            android:name="io.flutter.plugins.urllauncher.WebViewActivity"
119-->[:url_launcher_android] AndroidManifest.xml:9:13-74
120            android:exported="false"
120-->[:url_launcher_android] AndroidManifest.xml:10:13-37
121            android:theme="@android:style/Theme.NoTitleBar.Fullscreen" />
121-->[:url_launcher_android] AndroidManifest.xml:11:13-71
122
123        <service
123-->[:firebase_messaging] AndroidManifest.xml:14:9-17:72
124            android:name="io.flutter.plugins.firebase.messaging.FlutterFirebaseMessagingBackgroundService"
124-->[:firebase_messaging] AndroidManifest.xml:15:13-107
125            android:exported="false"
125-->[:firebase_messaging] AndroidManifest.xml:16:13-37
126            android:permission="android.permission.BIND_JOB_SERVICE" />
126-->[:firebase_messaging] AndroidManifest.xml:17:13-69
127        <service
127-->[:firebase_messaging] AndroidManifest.xml:18:9-24:19
128            android:name="io.flutter.plugins.firebase.messaging.FlutterFirebaseMessagingService"
128-->[:firebase_messaging] AndroidManifest.xml:19:13-97
129            android:exported="false" >
129-->[:firebase_messaging] AndroidManifest.xml:20:13-37
130            <intent-filter>
130-->[:firebase_messaging] AndroidManifest.xml:21:13-23:29
131                <action android:name="com.google.firebase.MESSAGING_EVENT" />
131-->[:firebase_messaging] AndroidManifest.xml:22:17-78
131-->[:firebase_messaging] AndroidManifest.xml:22:25-75
132            </intent-filter>
133        </service>
134
135        <receiver
135-->[:firebase_messaging] AndroidManifest.xml:26:9-33:20
136            android:name="io.flutter.plugins.firebase.messaging.FlutterFirebaseMessagingReceiver"
136-->[:firebase_messaging] AndroidManifest.xml:27:13-98
137            android:exported="true"
137-->[:firebase_messaging] AndroidManifest.xml:28:13-36
138            android:permission="com.google.android.c2dm.permission.SEND" >
138-->[:firebase_messaging] AndroidManifest.xml:29:13-73
139            <intent-filter>
139-->[:firebase_messaging] AndroidManifest.xml:30:13-32:29
140                <action android:name="com.google.android.c2dm.intent.RECEIVE" />
140-->[:firebase_messaging] AndroidManifest.xml:31:17-81
140-->[:firebase_messaging] AndroidManifest.xml:31:25-78
141            </intent-filter>
142        </receiver>
143
144        <service
144-->[:firebase_messaging] AndroidManifest.xml:35:9-39:19
145            android:name="com.google.firebase.components.ComponentDiscoveryService"
145-->[:firebase_messaging] AndroidManifest.xml:35:18-89
146            android:directBootAware="true"
146-->[com.google.firebase:firebase-common:20.4.3] AndroidManifest.xml:32:13-43
147            android:exported="false" >
147-->[com.google.firebase:firebase-iid:21.1.0] AndroidManifest.xml:31:13-37
148            <meta-data
148-->[:firebase_messaging] AndroidManifest.xml:36:13-38:85
149                android:name="com.google.firebase.components:io.flutter.plugins.firebase.messaging.FlutterFirebaseAppRegistrar"
149-->[:firebase_messaging] AndroidManifest.xml:37:17-128
150                android:value="com.google.firebase.components.ComponentRegistrar" />
150-->[:firebase_messaging] AndroidManifest.xml:38:17-82
151            <meta-data
151-->[:firebase_core] AndroidManifest.xml:9:13-11:85
152                android:name="com.google.firebase.components:io.flutter.plugins.firebase.core.FlutterFirebaseCoreRegistrar"
152-->[:firebase_core] AndroidManifest.xml:10:17-124
153                android:value="com.google.firebase.components.ComponentRegistrar" />
153-->[:firebase_core] AndroidManifest.xml:11:17-82
154            <meta-data
154-->[com.google.firebase:firebase-iid:21.1.0] AndroidManifest.xml:32:13-34:85
155                android:name="com.google.firebase.components:com.google.firebase.iid.Registrar"
155-->[com.google.firebase:firebase-iid:21.1.0] AndroidManifest.xml:33:17-96
156                android:value="com.google.firebase.components.ComponentRegistrar" />
156-->[com.google.firebase:firebase-iid:21.1.0] AndroidManifest.xml:34:17-82
157            <meta-data
157-->[com.google.firebase:firebase-messaging:23.4.1] AndroidManifest.xml:57:13-59:85
158                android:name="com.google.firebase.components:com.google.firebase.messaging.FirebaseMessagingKtxRegistrar"
158-->[com.google.firebase:firebase-messaging:23.4.1] AndroidManifest.xml:58:17-122
159                android:value="com.google.firebase.components.ComponentRegistrar" />
159-->[com.google.firebase:firebase-messaging:23.4.1] AndroidManifest.xml:59:17-82
160            <meta-data
160-->[com.google.firebase:firebase-messaging:23.4.1] AndroidManifest.xml:60:13-62:85
161                android:name="com.google.firebase.components:com.google.firebase.messaging.FirebaseMessagingRegistrar"
161-->[com.google.firebase:firebase-messaging:23.4.1] AndroidManifest.xml:61:17-119
162                android:value="com.google.firebase.components.ComponentRegistrar" />
162-->[com.google.firebase:firebase-messaging:23.4.1] AndroidManifest.xml:62:17-82
163            <meta-data
163-->[com.google.firebase:firebase-installations:17.2.0] AndroidManifest.xml:15:13-17:85
164                android:name="com.google.firebase.components:com.google.firebase.installations.FirebaseInstallationsKtxRegistrar"
164-->[com.google.firebase:firebase-installations:17.2.0] AndroidManifest.xml:16:17-130
165                android:value="com.google.firebase.components.ComponentRegistrar" />
165-->[com.google.firebase:firebase-installations:17.2.0] AndroidManifest.xml:17:17-82
166            <meta-data
166-->[com.google.firebase:firebase-installations:17.2.0] AndroidManifest.xml:18:13-20:85
167                android:name="com.google.firebase.components:com.google.firebase.installations.FirebaseInstallationsRegistrar"
167-->[com.google.firebase:firebase-installations:17.2.0] AndroidManifest.xml:19:17-127
168                android:value="com.google.firebase.components.ComponentRegistrar" />
168-->[com.google.firebase:firebase-installations:17.2.0] AndroidManifest.xml:20:17-82
169            <meta-data
169-->[com.google.firebase:firebase-common-ktx:20.4.3] AndroidManifest.xml:12:13-14:85
170                android:name="com.google.firebase.components:com.google.firebase.ktx.FirebaseCommonLegacyRegistrar"
170-->[com.google.firebase:firebase-common-ktx:20.4.3] AndroidManifest.xml:13:17-116
171                android:value="com.google.firebase.components.ComponentRegistrar" />
171-->[com.google.firebase:firebase-common-ktx:20.4.3] AndroidManifest.xml:14:17-82
172            <meta-data
172-->[com.google.firebase:firebase-common:20.4.3] AndroidManifest.xml:35:13-37:85
173                android:name="com.google.firebase.components:com.google.firebase.FirebaseCommonKtxRegistrar"
173-->[com.google.firebase:firebase-common:20.4.3] AndroidManifest.xml:36:17-109
174                android:value="com.google.firebase.components.ComponentRegistrar" />
174-->[com.google.firebase:firebase-common:20.4.3] AndroidManifest.xml:37:17-82
175            <meta-data
175-->[com.google.firebase:firebase-datatransport:18.1.7] AndroidManifest.xml:27:13-29:85
176                android:name="com.google.firebase.components:com.google.firebase.datatransport.TransportRegistrar"
176-->[com.google.firebase:firebase-datatransport:18.1.7] AndroidManifest.xml:28:17-115
177                android:value="com.google.firebase.components.ComponentRegistrar" />
177-->[com.google.firebase:firebase-datatransport:18.1.7] AndroidManifest.xml:29:17-82
178        </service>
179
180        <provider
180-->[:firebase_messaging] AndroidManifest.xml:41:9-45:38
181            android:name="io.flutter.plugins.firebase.messaging.FlutterFirebaseMessagingInitProvider"
181-->[:firebase_messaging] AndroidManifest.xml:42:13-102
182            android:authorities="com.example.manzal_office.flutterfirebasemessaginginitprovider"
182-->[:firebase_messaging] AndroidManifest.xml:43:13-88
183            android:exported="false"
183-->[:firebase_messaging] AndroidManifest.xml:44:13-37
184            android:initOrder="99" />
184-->[:firebase_messaging] AndroidManifest.xml:45:13-35
185
186        <activity
186-->[com.stripe:financial-connections:21.6.0] AndroidManifest.xml:21:9-65:20
187            android:name="com.stripe.android.financialconnections.FinancialConnectionsSheetRedirectActivity"
187-->[com.stripe:financial-connections:21.6.0] AndroidManifest.xml:22:13-109
188            android:exported="true"
188-->[com.stripe:financial-connections:21.6.0] AndroidManifest.xml:23:13-36
189            android:launchMode="singleTask" >
189-->[com.stripe:financial-connections:21.6.0] AndroidManifest.xml:24:13-44
190            <intent-filter>
190-->[com.stripe:financial-connections:21.6.0] AndroidManifest.xml:25:13-64:29
191                <action android:name="android.intent.action.VIEW" />
191-->[com.stripe:financial-connections:21.6.0] AndroidManifest.xml:14:13-65
191-->[com.stripe:financial-connections:21.6.0] AndroidManifest.xml:14:21-62
192
193                <category android:name="android.intent.category.DEFAULT" />
193-->[com.stripe:financial-connections:21.6.0] AndroidManifest.xml:28:17-76
193-->[com.stripe:financial-connections:21.6.0] AndroidManifest.xml:28:27-73
194                <category android:name="android.intent.category.BROWSABLE" />
194-->[com.stripe:financial-connections:21.6.0] AndroidManifest.xml:29:17-78
194-->[com.stripe:financial-connections:21.6.0] AndroidManifest.xml:29:27-75
195
196                <!-- Returning from app2app: return_url is triggered to reopen web AuthFlow and poll accounts. -->
197                <data
197-->src\main\AndroidManifest.xml:42:13-50
198                    android:host="link-accounts"
199                    android:pathPrefix="/com.example.manzal_office/authentication_return"
200                    android:scheme="stripe-auth" />
201
202                <!-- Returning from app2app: return_url is triggered to reopen native AuthFlow and poll accounts. -->
203                <data
203-->src\main\AndroidManifest.xml:42:13-50
204                    android:host="link-native-accounts"
205                    android:pathPrefix="/com.example.manzal_office/authentication_return"
206                    android:scheme="stripe-auth" />
207
208                <!-- End of web AuthFlow success and cancel URIs that begin with "stripe-auth://link-accounts/{app-id}/...” -->
209                <data
209-->src\main\AndroidManifest.xml:42:13-50
210                    android:host="link-accounts"
211                    android:path="/com.example.manzal_office/success"
212                    android:scheme="stripe-auth" />
213                <data
213-->src\main\AndroidManifest.xml:42:13-50
214                    android:host="link-accounts"
215                    android:path="/com.example.manzal_office/cancel"
216                    android:scheme="stripe-auth" />
217
218                <!-- Opening app2app: Web flow triggers stripe-auth://native-redirect/{app-id}/http://web-that-redirects-to-native -->
219                <data
219-->src\main\AndroidManifest.xml:42:13-50
220                    android:host="native-redirect"
221                    android:pathPrefix="/com.example.manzal_office"
222                    android:scheme="stripe-auth" />
223
224                <!-- Accepts success/cancel/fail URIs that begin with "stripe://auth-redirect” -->
225                <data
225-->src\main\AndroidManifest.xml:42:13-50
226                    android:host="auth-redirect"
227                    android:pathPrefix="/com.example.manzal_office"
228                    android:scheme="stripe" />
229            </intent-filter>
230        </activity>
231        <activity
231-->[com.stripe:financial-connections:21.6.0] AndroidManifest.xml:66:9-69:77
232            android:name="com.stripe.android.financialconnections.FinancialConnectionsSheetActivity"
232-->[com.stripe:financial-connections:21.6.0] AndroidManifest.xml:67:13-101
233            android:exported="false"
233-->[com.stripe:financial-connections:21.6.0] AndroidManifest.xml:68:13-37
234            android:theme="@style/StripeFinancialConnectionsDefaultTheme" />
234-->[com.stripe:financial-connections:21.6.0] AndroidManifest.xml:69:13-74
235        <activity
235-->[com.stripe:financial-connections:21.6.0] AndroidManifest.xml:70:9-74:58
236            android:name="com.stripe.android.financialconnections.ui.FinancialConnectionsSheetNativeActivity"
236-->[com.stripe:financial-connections:21.6.0] AndroidManifest.xml:71:13-110
237            android:exported="false"
237-->[com.stripe:financial-connections:21.6.0] AndroidManifest.xml:72:13-37
238            android:theme="@style/StripeFinancialConnectionsDefaultTheme"
238-->[com.stripe:financial-connections:21.6.0] AndroidManifest.xml:73:13-74
239            android:windowSoftInputMode="adjustResize" />
239-->[com.stripe:financial-connections:21.6.0] AndroidManifest.xml:74:13-55
240        <activity
240-->[com.stripe:paymentsheet:21.6.0] AndroidManifest.xml:8:9-11:69
241            android:name="com.stripe.android.paymentsheet.PaymentSheetActivity"
241-->[com.stripe:paymentsheet:21.6.0] AndroidManifest.xml:9:13-80
242            android:exported="false"
242-->[com.stripe:paymentsheet:21.6.0] AndroidManifest.xml:10:13-37
243            android:theme="@style/StripePaymentSheetDefaultTheme" />
243-->[com.stripe:paymentsheet:21.6.0] AndroidManifest.xml:11:13-66
244        <activity
244-->[com.stripe:paymentsheet:21.6.0] AndroidManifest.xml:12:9-15:69
245            android:name="com.stripe.android.paymentsheet.PaymentOptionsActivity"
245-->[com.stripe:paymentsheet:21.6.0] AndroidManifest.xml:13:13-82
246            android:exported="false"
246-->[com.stripe:paymentsheet:21.6.0] AndroidManifest.xml:14:13-37
247            android:theme="@style/StripePaymentSheetDefaultTheme" />
247-->[com.stripe:paymentsheet:21.6.0] AndroidManifest.xml:15:13-66
248        <activity
248-->[com.stripe:paymentsheet:21.6.0] AndroidManifest.xml:16:9-19:69
249            android:name="com.stripe.android.customersheet.CustomerSheetActivity"
249-->[com.stripe:paymentsheet:21.6.0] AndroidManifest.xml:17:13-82
250            android:exported="false"
250-->[com.stripe:paymentsheet:21.6.0] AndroidManifest.xml:18:13-37
251            android:theme="@style/StripePaymentSheetDefaultTheme" />
251-->[com.stripe:paymentsheet:21.6.0] AndroidManifest.xml:19:13-66
252        <activity
252-->[com.stripe:paymentsheet:21.6.0] AndroidManifest.xml:20:9-23:69
253            android:name="com.stripe.android.paymentsheet.addresselement.AddressElementActivity"
253-->[com.stripe:paymentsheet:21.6.0] AndroidManifest.xml:21:13-97
254            android:exported="false"
254-->[com.stripe:paymentsheet:21.6.0] AndroidManifest.xml:22:13-37
255            android:theme="@style/StripePaymentSheetDefaultTheme" />
255-->[com.stripe:paymentsheet:21.6.0] AndroidManifest.xml:23:13-66
256        <activity
256-->[com.stripe:paymentsheet:21.6.0] AndroidManifest.xml:24:9-27:69
257            android:name="com.stripe.android.paymentsheet.paymentdatacollection.bacs.BacsMandateConfirmationActivity"
257-->[com.stripe:paymentsheet:21.6.0] AndroidManifest.xml:25:13-118
258            android:exported="false"
258-->[com.stripe:paymentsheet:21.6.0] AndroidManifest.xml:26:13-37
259            android:theme="@style/StripePaymentSheetDefaultTheme" />
259-->[com.stripe:paymentsheet:21.6.0] AndroidManifest.xml:27:13-66
260        <activity
260-->[com.stripe:paymentsheet:21.6.0] AndroidManifest.xml:28:9-31:69
261            android:name="com.stripe.android.paymentsheet.paymentdatacollection.polling.PollingActivity"
261-->[com.stripe:paymentsheet:21.6.0] AndroidManifest.xml:29:13-105
262            android:exported="false"
262-->[com.stripe:paymentsheet:21.6.0] AndroidManifest.xml:30:13-37
263            android:theme="@style/StripePaymentSheetDefaultTheme" />
263-->[com.stripe:paymentsheet:21.6.0] AndroidManifest.xml:31:13-66
264        <activity
264-->[com.stripe:paymentsheet:21.6.0] AndroidManifest.xml:32:9-35:69
265            android:name="com.stripe.android.paymentsheet.ui.SepaMandateActivity"
265-->[com.stripe:paymentsheet:21.6.0] AndroidManifest.xml:33:13-82
266            android:exported="false"
266-->[com.stripe:paymentsheet:21.6.0] AndroidManifest.xml:34:13-37
267            android:theme="@style/StripePaymentSheetDefaultTheme" />
267-->[com.stripe:paymentsheet:21.6.0] AndroidManifest.xml:35:13-66
268        <activity
268-->[com.stripe:paymentsheet:21.6.0] AndroidManifest.xml:36:9-39:68
269            android:name="com.stripe.android.paymentsheet.ExternalPaymentMethodProxyActivity"
269-->[com.stripe:paymentsheet:21.6.0] AndroidManifest.xml:37:13-94
270            android:exported="false"
270-->[com.stripe:paymentsheet:21.6.0] AndroidManifest.xml:38:13-37
271            android:theme="@style/StripePayLauncherDefaultTheme" />
271-->[com.stripe:paymentsheet:21.6.0] AndroidManifest.xml:39:13-65
272        <activity
272-->[com.stripe:paymentsheet:21.6.0] AndroidManifest.xml:40:9-42:69
273            android:name="com.stripe.android.paymentsheet.paymentdatacollection.cvcrecollection.CvcRecollectionActivity"
273-->[com.stripe:paymentsheet:21.6.0] AndroidManifest.xml:41:13-121
274            android:theme="@style/StripePaymentSheetDefaultTheme" />
274-->[com.stripe:paymentsheet:21.6.0] AndroidManifest.xml:42:13-66
275        <activity
275-->[com.stripe:paymentsheet:21.6.0] AndroidManifest.xml:43:9-45:69
276            android:name="com.stripe.android.paymentelement.embedded.form.FormActivity"
276-->[com.stripe:paymentsheet:21.6.0] AndroidManifest.xml:44:13-88
277            android:theme="@style/StripePaymentSheetDefaultTheme" />
277-->[com.stripe:paymentsheet:21.6.0] AndroidManifest.xml:45:13-66
278        <activity
278-->[com.stripe:paymentsheet:21.6.0] AndroidManifest.xml:46:9-48:69
279            android:name="com.stripe.android.paymentelement.embedded.manage.ManageActivity"
279-->[com.stripe:paymentsheet:21.6.0] AndroidManifest.xml:47:13-92
280            android:theme="@style/StripePaymentSheetDefaultTheme" />
280-->[com.stripe:paymentsheet:21.6.0] AndroidManifest.xml:48:13-66
281        <activity
281-->[com.stripe:paymentsheet:21.6.0] AndroidManifest.xml:49:9-56:58
282            android:name="com.stripe.android.link.LinkActivity"
282-->[com.stripe:paymentsheet:21.6.0] AndroidManifest.xml:50:13-64
283            android:autoRemoveFromRecents="true"
283-->[com.stripe:paymentsheet:21.6.0] AndroidManifest.xml:51:13-49
284            android:configChanges="orientation|keyboard|keyboardHidden|screenLayout|screenSize|smallestScreenSize"
284-->[com.stripe:paymentsheet:21.6.0] AndroidManifest.xml:52:13-115
285            android:exported="false"
285-->[com.stripe:paymentsheet:21.6.0] AndroidManifest.xml:53:13-37
286            android:label="@string/stripe_link"
286-->[com.stripe:paymentsheet:21.6.0] AndroidManifest.xml:54:13-48
287            android:theme="@style/StripeLinkBaseTheme"
287-->[com.stripe:paymentsheet:21.6.0] AndroidManifest.xml:55:13-55
288            android:windowSoftInputMode="adjustResize" />
288-->[com.stripe:paymentsheet:21.6.0] AndroidManifest.xml:56:13-55
289        <activity
289-->[com.stripe:paymentsheet:21.6.0] AndroidManifest.xml:57:9-62:61
290            android:name="com.stripe.android.link.LinkForegroundActivity"
290-->[com.stripe:paymentsheet:21.6.0] AndroidManifest.xml:58:13-74
291            android:autoRemoveFromRecents="true"
291-->[com.stripe:paymentsheet:21.6.0] AndroidManifest.xml:59:13-49
292            android:configChanges="orientation|keyboard|keyboardHidden|screenLayout|screenSize|smallestScreenSize"
292-->[com.stripe:paymentsheet:21.6.0] AndroidManifest.xml:60:13-115
293            android:launchMode="singleTop"
293-->[com.stripe:paymentsheet:21.6.0] AndroidManifest.xml:61:13-43
294            android:theme="@style/StripeTransparentTheme" />
294-->[com.stripe:paymentsheet:21.6.0] AndroidManifest.xml:62:13-58
295        <activity
295-->[com.stripe:paymentsheet:21.6.0] AndroidManifest.xml:63:9-80:20
296            android:name="com.stripe.android.link.LinkRedirectHandlerActivity"
296-->[com.stripe:paymentsheet:21.6.0] AndroidManifest.xml:64:13-79
297            android:autoRemoveFromRecents="true"
297-->[com.stripe:paymentsheet:21.6.0] AndroidManifest.xml:65:13-49
298            android:exported="true"
298-->[com.stripe:paymentsheet:21.6.0] AndroidManifest.xml:66:13-36
299            android:launchMode="singleInstance"
299-->[com.stripe:paymentsheet:21.6.0] AndroidManifest.xml:67:13-48
300            android:theme="@style/StripeTransparentTheme" >
300-->[com.stripe:paymentsheet:21.6.0] AndroidManifest.xml:68:13-58
301            <intent-filter>
301-->[com.stripe:paymentsheet:21.6.0] AndroidManifest.xml:69:13-79:29
302                <action android:name="android.intent.action.VIEW" />
302-->[com.stripe:financial-connections:21.6.0] AndroidManifest.xml:14:13-65
302-->[com.stripe:financial-connections:21.6.0] AndroidManifest.xml:14:21-62
303
304                <category android:name="android.intent.category.DEFAULT" />